==77585== Memcheck, a memory error detector
==77585== Copyright (C) 2002-2017, and GNU GPL'd, by Julian Seward et al.
==77585== Using Valgrind-3.18.1 and LibVEX; rerun with -h for copyright info
==77585== Command: ./app
==77585== Parent PID: 989
==77585== 
==77585== Invalid read of size 4
==77585==    at 0x13E890: decltype (::new ((void*)(0)) unsigned int((declval<unsigned int const&>)())) std::construct_at<unsigned int, unsigned int const&>(unsigned int*, unsigned int const&) (in /home/jamesshep/localGL/app)
==77585==    by 0x13E8E0: void std::allocator_traits<std::allocator<unsigned int> >::construct<unsigned int, unsigned int const&>(std::allocator<unsigned int>&, unsigned int*, unsigned int const&) (in /home/jamesshep/localGL/app)
==77585==    by 0x13D1B5: std::vector<unsigned int, std::allocator<unsigned int> >::push_back(unsigned int const&) (in /home/jamesshep/localGL/app)
==77585==    by 0x13B0C7: World::spawnNode(Node&) (in /home/jamesshep/localGL/app)
==77585==    by 0x13AB61: World::doSpawn() (in /home/jamesshep/localGL/app)
==77585==    by 0x1395DD: Game::update(float) (in /home/jamesshep/localGL/app)
==77585==    by 0x10E020: render(SDL_Window*) (in /home/jamesshep/localGL/app)
==77585==    by 0x10E5FA: main (in /home/jamesshep/localGL/app)
==77585==  Address 0xc is not stack'd, malloc'd or (recently) free'd
==77585== 
{
   <insert_a_suppression_name_here>
   Memcheck:Addr4
   fun:_ZSt12construct_atIjJRKjEEDTgsnwcvPvLi0E_T_pispcl7declvalIT0_EEEEPS3_DpOS4_
   fun:_ZNSt16allocator_traitsISaIjEE9constructIjJRKjEEEvRS0_PT_DpOT0_
   fun:_ZNSt6vectorIjSaIjEE9push_backERKj
   fun:_ZN5World9spawnNodeER4Node
   fun:_ZN5World7doSpawnEv
   fun:_ZN4Game6updateEf
   fun:_Z6renderP10SDL_Window
   fun:main
}
==77585== 
==77585== Process terminating with default action of signal 11 (SIGSEGV)
==77585==  Access not within mapped region at address 0xC
==77585==    at 0x13E890: decltype (::new ((void*)(0)) unsigned int((declval<unsigned int const&>)())) std::construct_at<unsigned int, unsigned int const&>(unsigned int*, unsigned int const&) (in /home/jamesshep/localGL/app)
==77585==    by 0x13E8E0: void std::allocator_traits<std::allocator<unsigned int> >::construct<unsigned int, unsigned int const&>(std::allocator<unsigned int>&, unsigned int*, unsigned int const&) (in /home/jamesshep/localGL/app)
==77585==    by 0x13D1B5: std::vector<unsigned int, std::allocator<unsigned int> >::push_back(unsigned int const&) (in /home/jamesshep/localGL/app)
==77585==    by 0x13B0C7: World::spawnNode(Node&) (in /home/jamesshep/localGL/app)
==77585==    by 0x13AB61: World::doSpawn() (in /home/jamesshep/localGL/app)
==77585==    by 0x1395DD: Game::update(float) (in /home/jamesshep/localGL/app)
==77585==    by 0x10E020: render(SDL_Window*) (in /home/jamesshep/localGL/app)
==77585==    by 0x10E5FA: main (in /home/jamesshep/localGL/app)
==77585==  If you believe this happened as a result of a stack
==77585==  overflow in your program's main thread (unlikely but
==77585==  possible), you can try to increase the size of the
==77585==  main thread stack using the --main-stacksize= flag.
==77585==  The main thread stack size used in this run was 8388608.
==77585== 
==77585== HEAP SUMMARY:
==77585==     in use at exit: 40,035,619 bytes in 59,350 blocks
==77585==   total heap usage: 97,294 allocs, 37,944 frees, 60,003,586 bytes allocated
==77585== 
==77585== 4 bytes in 1 blocks are still reachable in loss record 42 of 43,574
==77585==    at 0x4849013: operator new(unsigned long) (in /usr/libexec/valgrind/vgpreload_memcheck-amd64-linux.so)
==77585==    by 0x112521: __gnu_cxx::new_allocator<unsigned int>::allocate(unsigned long, void const*) (in /home/jamesshep/localGL/app)
==77585==    by 0x1118EB: std::allocator_traits<std::allocator<unsigned int> >::allocate(std::allocator<unsigned int>&, unsigned long) (in /home/jamesshep/localGL/app)
==77585==    by 0x110F39: std::_Vector_base<unsigned int, std::allocator<unsigned int> >::_M_allocate(unsigned long) (in /home/jamesshep/localGL/app)
==77585==    by 0x13E978: void std::vector<unsigned int, std::allocator<unsigned int> >::_M_realloc_insert<unsigned int const&>(__gnu_cxx::__normal_iterator<unsigned int*, std::vector<unsigned int, std::allocator<unsigned int> > >, unsigned int const&) (in /home/jamesshep/localGL/app)
==77585==    by 0x13D1ED: std::vector<unsigned int, std::allocator<unsigned int> >::push_back(unsigned int const&) (in /home/jamesshep/localGL/app)
==77585==    by 0x15AE4A: Node::setVert(Node&) (in /home/jamesshep/localGL/app)
==77585==    by 0x13B05C: World::spawnNode(Node&) (in /home/jamesshep/localGL/app)
==77585==    by 0x13AB61: World::doSpawn() (in /home/jamesshep/localGL/app)
==77585==    by 0x1395DD: Game::update(float) (in /home/jamesshep/localGL/app)
==77585==    by 0x10E020: render(SDL_Window*) (in /home/jamesshep/localGL/app)
==77585==    by 0x10E5FA: main (in /home/jamesshep/localGL/app)
==77585== 
{
   <insert_a_suppression_name_here>
   Memcheck:Leak
   match-leak-kinds: reachable
   fun:_Znwm
   fun:_ZN9__gnu_cxx13new_allocatorIjE8allocateEmPKv
   fun:_ZNSt16allocator_traitsISaIjEE8allocateERS0_m
   fun:_ZNSt12_Vector_baseIjSaIjEE11_M_allocateEm
   fun:_ZNSt6vectorIjSaIjEE17_M_realloc_insertIJRKjEEEvN9__gnu_cxx17__normal_iteratorIPjS1_EEDpOT_
   fun:_ZNSt6vectorIjSaIjEE9push_backERKj
   fun:_ZN4Node7setVertERS_
   fun:_ZN5World9spawnNodeER4Node
   fun:_ZN5World7doSpawnEv
   fun:_ZN4Game6updateEf
   fun:_Z6renderP10SDL_Window
   fun:main
}
==77585== 8 bytes in 1 blocks are still reachable in loss record 64 of 43,574
==77585==    at 0x4849013: operator new(unsigned long) (in /usr/libexec/valgrind/vgpreload_memcheck-amd64-linux.so)
==77585==    by 0x112521: __gnu_cxx::new_allocator<unsigned int>::allocate(unsigned long, void const*) (in /home/jamesshep/localGL/app)
==77585==    by 0x1118EB: std::allocator_traits<std::allocator<unsigned int> >::allocate(std::allocator<unsigned int>&, unsigned long) (in /home/jamesshep/localGL/app)
==77585==    by 0x110F39: std::_Vector_base<unsigned int, std::allocator<unsigned int> >::_M_allocate(unsigned long) (in /home/jamesshep/localGL/app)
==77585==    by 0x13E978: void std::vector<unsigned int, std::allocator<unsigned int> >::_M_realloc_insert<unsigned int const&>(__gnu_cxx::__normal_iterator<unsigned int*, std::vector<unsigned int, std::allocator<unsigned int> > >, unsigned int const&) (in /home/jamesshep/localGL/app)
==77585==    by 0x13D1ED: std::vector<unsigned int, std::allocator<unsigned int> >::push_back(unsigned int const&) (in /home/jamesshep/localGL/app)
==77585==    by 0x15AE4A: Node::setVert(Node&) (in /home/jamesshep/localGL/app)
==77585==    by 0x13A9A0: World::World() (in /home/jamesshep/localGL/app)
==77585==    by 0x1392E2: Game::Game() (in /home/jamesshep/localGL/app)
==77585==    by 0x10E78B: __static_initialization_and_destruction_0(int, int) (in /home/jamesshep/localGL/app)
==77585==    by 0x10E9A0: _GLOBAL__sub_I_VAO (in /home/jamesshep/localGL/app)
==77585==    by 0x4EF1EBA: call_init (libc-start.c:145)
==77585==    by 0x4EF1EBA: __libc_start_main@@GLIBC_2.34 (libc-start.c:379)
==77585== 
{
   <insert_a_suppression_name_here>
   Memcheck:Leak
   match-leak-kinds: reachable
   fun:_Znwm
   fun:_ZN9__gnu_cxx13new_allocatorIjE8allocateEmPKv
   fun:_ZNSt16allocator_traitsISaIjEE8allocateERS0_m
   fun:_ZNSt12_Vector_baseIjSaIjEE11_M_allocateEm
   fun:_ZNSt6vectorIjSaIjEE17_M_realloc_insertIJRKjEEEvN9__gnu_cxx17__normal_iteratorIPjS1_EEDpOT_
   fun:_ZNSt6vectorIjSaIjEE9push_backERKj
   fun:_ZN4Node7setVertERS_
   fun:_ZN5WorldC1Ev
   fun:_ZN4GameC1Ev
   fun:_Z41__static_initialization_and_destruction_0ii
   fun:_GLOBAL__sub_I_VAO
   fun:call_init
   fun:__libc_start_main@@GLIBC_2.34
}
==77585== 8 bytes in 1 blocks are still reachable in loss record 65 of 43,574
==77585==    at 0x4849013: operator new(unsigned long) (in /usr/libexec/valgrind/vgpreload_memcheck-amd64-linux.so)
==77585==    by 0x112521: __gnu_cxx::new_allocator<unsigned int>::allocate(unsigned long, void const*) (in /home/jamesshep/localGL/app)
==77585==    by 0x1118EB: std::allocator_traits<std::allocator<unsigned int> >::allocate(std::allocator<unsigned int>&, unsigned long) (in /home/jamesshep/localGL/app)
==77585==    by 0x110F39: std::_Vector_base<unsigned int, std::allocator<unsigned int> >::_M_allocate(unsigned long) (in /home/jamesshep/localGL/app)
==77585==    by 0x13E978: void std::vector<unsigned int, std::allocator<unsigned int> >::_M_realloc_insert<unsigned int const&>(__gnu_cxx::__normal_iterator<unsigned int*, std::vector<unsigned int, std::allocator<unsigned int> > >, unsigned int const&) (in /home/jamesshep/localGL/app)
==77585==    by 0x13D1ED: std::vector<unsigned int, std::allocator<unsigned int> >::push_back(unsigned int const&) (in /home/jamesshep/localGL/app)
==77585==    by 0x15AE4A: Node::setVert(Node&) (in /home/jamesshep/localGL/app)
==77585==    by 0x13AA10: World::World() (in /home/jamesshep/localGL/app)
==77585==    by 0x1392E2: Game::Game() (in /home/jamesshep/localGL/app)
==77585==    by 0x10E78B: __static_initialization_and_destruction_0(int, int) (in /home/jamesshep/localGL/app)
==77585==    by 0x10E9A0: _GLOBAL__sub_I_VAO (in /home/jamesshep/localGL/app)
==77585==    by 0x4EF1EBA: call_init (libc-start.c:145)
==77585==    by 0x4EF1EBA: __libc_start_main@@GLIBC_2.34 (libc-start.c:379)
==77585== 
{
   <insert_a_suppression_name_here>
   Memcheck:Leak
   match-leak-kinds: reachable
   fun:_Znwm
   fun:_ZN9__gnu_cxx13new_allocatorIjE8allocateEmPKv
   fun:_ZNSt16allocator_traitsISaIjEE8allocateERS0_m
   fun:_ZNSt12_Vector_baseIjSaIjEE11_M_allocateEm
   fun:_ZNSt6vectorIjSaIjEE17_M_realloc_insertIJRKjEEEvN9__gnu_cxx17__normal_iteratorIPjS1_EEDpOT_
   fun:_ZNSt6vectorIjSaIjEE9push_backERKj
   fun:_ZN4Node7setVertERS_
   fun:_ZN5WorldC1Ev
   fun:_ZN4GameC1Ev
   fun:_Z41__static_initialization_and_destruction_0ii
   fun:_GLOBAL__sub_I_VAO
   fun:call_init
   fun:__libc_start_main@@GLIBC_2.34
}
==77585== 8 bytes in 1 blocks are still reachable in loss record 66 of 43,574
==77585==    at 0x4849013: operator new(unsigned long) (in /usr/libexec/valgrind/vgpreload_memcheck-amd64-linux.so)
==77585==    by 0x112521: __gnu_cxx::new_allocator<unsigned int>::allocate(unsigned long, void const*) (in /home/jamesshep/localGL/app)
==77585==    by 0x1118EB: std::allocator_traits<std::allocator<unsigned int> >::allocate(std::allocator<unsigned int>&, unsigned long) (in /home/jamesshep/localGL/app)
==77585==    by 0x110F39: std::_Vector_base<unsigned int, std::allocator<unsigned int> >::_M_allocate(unsigned long) (in /home/jamesshep/localGL/app)
==77585==    by 0x13E978: void std::vector<unsigned int, std::allocator<unsigned int> >::_M_realloc_insert<unsigned int const&>(__gnu_cxx::__normal_iterator<unsigned int*, std::vector<unsigned int, std::allocator<unsigned int> > >, unsigned int const&) (in /home/jamesshep/localGL/app)
==77585==    by 0x13D1ED: std::vector<unsigned int, std::allocator<unsigned int> >::push_back(unsigned int const&) (in /home/jamesshep/localGL/app)
==77585==    by 0x15AE4A: Node::setVert(Node&) (in /home/jamesshep/localGL/app)
==77585==    by 0x13AA80: World::World() (in /home/jamesshep/localGL/app)
==77585==    by 0x1392E2: Game::Game() (in /home/jamesshep/localGL/app)
==77585==    by 0x10E78B: __static_initialization_and_destruction_0(int, int) (in /home/jamesshep/localGL/app)
==77585==    by 0x10E9A0: _GLOBAL__sub_I_VAO (in /home/jamesshep/localGL/app)
==77585==    by 0x4EF1EBA: call_init (libc-start.c:145)
==77585==    by 0x4EF1EBA: __libc_start_main@@GLIBC_2.34 (libc-start.c:379)
==77585== 
{
   <insert_a_suppression_name_here>
   Memcheck:Leak
   match-leak-kinds: reachable
   fun:_Znwm
   fun:_ZN9__gnu_cxx13new_allocatorIjE8allocateEmPKv
   fun:_ZNSt16allocator_traitsISaIjEE8allocateERS0_m
   fun:_ZNSt12_Vector_baseIjSaIjEE11_M_allocateEm
   fun:_ZNSt6vectorIjSaIjEE17_M_realloc_insertIJRKjEEEvN9__gnu_cxx17__normal_iteratorIPjS1_EEDpOT_
   fun:_ZNSt6vectorIjSaIjEE9push_backERKj
   fun:_ZN4Node7setVertERS_
   fun:_ZN5WorldC1Ev
   fun:_ZN4GameC1Ev
   fun:_Z41__static_initialization_and_destruction_0ii
   fun:_GLOBAL__sub_I_VAO
   fun:call_init
   fun:__libc_start_main@@GLIBC_2.34
}
==77585== 12 bytes in 1 blocks are still reachable in loss record 196 of 43,574
==77585==    at 0x4849013: operator new(unsigned long) (in /usr/libexec/valgrind/vgpreload_memcheck-amd64-linux.so)
==77585==    by 0x112521: __gnu_cxx::new_allocator<unsigned int>::allocate(unsigned long, void const*) (in /home/jamesshep/localGL/app)
==77585==    by 0x1118EB: std::allocator_traits<std::allocator<unsigned int> >::allocate(std::allocator<unsigned int>&, unsigned long) (in /home/jamesshep/localGL/app)
==77585==    by 0x110F39: std::_Vector_base<unsigned int, std::allocator<unsigned int> >::_M_allocate(unsigned long) (in /home/jamesshep/localGL/app)
==77585==    by 0x140151: std::vector<unsigned int, std::allocator<unsigned int> >::reserve(unsigned long) (in /home/jamesshep/localGL/app)
==77585==    by 0x13E4CD: bool OrthoTree::OrthoTreeBase<2u, Node, Node, std::array<Node, 2ul>, std::array<Node, 2ul>, NodePlane2D, float, OrthoTree::AdaptorGeneralBase<2u, Node, std::array<Node, 2ul>, std::array<Node, 2ul>, NodePlane2D, float, NodeAdaptorBasics>, std::span<Node const, 18446744073709551615ul> >::RangeSearchBaseRoot<false, false>(std::array<Node, 2ul> const&, std::span<Node const, 18446744073709551615ul> const&, std::vector<unsigned int, std::allocator<unsigned int> >&) const (in /home/jamesshep/localGL/app)
==77585==    by 0x13CF9A: std::vector<unsigned int, std::allocator<unsigned int> > OrthoTree::OrthoTreePoint<2u, Node, std::array<Node, 2ul>, std::array<Node, 2ul>, NodePlane2D, float, OrthoTree::AdaptorGeneralBase<2u, Node, std::array<Node, 2ul>, std::array<Node, 2ul>, NodePlane2D, float, NodeAdaptorBasics>, std::span<Node const, 18446744073709551615ul> >::RangeSearch<false>(std::array<Node, 2ul> const&, std::span<Node const, 18446744073709551615ul> const&) const (in /home/jamesshep/localGL/app)
==77585==    by 0x13C596: NodeQuadManager::rangeSearch(Node const&, Node const&) const (in /home/jamesshep/localGL/app)
==77585==    by 0x13ADE7: World::spawnNode(Node&) (in /home/jamesshep/localGL/app)
==77585==    by 0x13AB61: World::doSpawn() (in /home/jamesshep/localGL/app)
==77585==    by 0x1395DD: Game::update(float) (in /home/jamesshep/localGL/app)
==77585==    by 0x10E020: render(SDL_Window*) (in /home/jamesshep/localGL/app)
==77585== 
{
   <insert_a_suppression_name_here>
   Memcheck:Leak
   match-leak-kinds: reachable
   fun:_Znwm
   fun:_ZN9__gnu_cxx13new_allocatorIjE8allocateEmPKv
   fun:_ZNSt16allocator_traitsISaIjEE8allocateERS0_m
   fun:_ZNSt12_Vector_baseIjSaIjEE11_M_allocateEm
   fun:_ZNSt6vectorIjSaIjEE7reserveEm
   fun:_ZNK9OrthoTree13OrthoTreeBaseILj2E4NodeS1_St5arrayIS1_Lm2EES3_11NodePlane2DfNS_18AdaptorGeneralBaseILj2ES1_S3_S3_S4_f17NodeAdaptorBasicsEESt4spanIKS1_Lm18446744073709551615EEE19RangeSearchBaseRootILb0ELb0EEEbRKS3_RKSA_RSt6vectorIjSaIjEE
   fun:_ZNK9OrthoTree14OrthoTreePointILj2E4NodeSt5arrayIS1_Lm2EES3_11NodePlane2DfNS_18AdaptorGeneralBaseILj2ES1_S3_S3_S4_f17NodeAdaptorBasicsEESt4spanIKS1_Lm18446744073709551615EEE11RangeSearchILb0EEESt6vectorIjSaIjEERKS3_RKSA_
   fun:_ZNK15NodeQuadManager11rangeSearchERK4NodeS2_
   fun:_ZN5World9spawnNodeER4Node
   fun:_ZN5World7doSpawnEv
   fun:_ZN4Game6updateEf
   fun:_Z6renderP10SDL_Window
}
==77585== 24 bytes in 1 blocks are still reachable in loss record 497 of 43,574
==77585==    at 0x4849013: operator new(unsigned long) (in /usr/libexec/valgrind/vgpreload_memcheck-amd64-linux.so)
==77585==    by 0x15ABC8: Node::Node(float, float, float, unsigned int) (in /home/jamesshep/localGL/app)
==77585==    by 0x13D393: decltype (::new ((void*)(0)) Node((declval<float&>)(), (declval<float&>)(), (declval<float&>)(), (declval<unsigned long>)())) std::construct_at<Node, float&, float&, float&, unsigned long>(Node*, float&, float&, float&, unsigned long&&) (in /home/jamesshep/localGL/app)
==77585==    by 0x13D43C: void std::allocator_traits<std::allocator<Node> >::construct<Node, float&, float&, float&, unsigned long>(std::allocator<Node>&, Node*, float&, float&, float&, unsigned long&&) (in /home/jamesshep/localGL/app)
==77585==    by 0x13D56A: void std::vector<Node, std::allocator<Node> >::_M_realloc_insert<float&, float&, float&, unsigned long>(__gnu_cxx::__normal_iterator<Node*, std::vector<Node, std::allocator<Node> > >, float&, float&, float&, unsigned long&&) (in /home/jamesshep/localGL/app)
==77585==    by 0x13C977: Node& std::vector<Node, std::allocator<Node> >::emplace_back<float&, float&, float&, unsigned long>(float&, float&, float&, unsigned long&&) (in /home/jamesshep/localGL/app)
==77585==    by 0x13C18E: NodeQuadManager::addNode(float, float, float) (in /home/jamesshep/localGL/app)
==77585==    by 0x13A8F4: World::World() (in /home/jamesshep/localGL/app)
==77585==    by 0x1392E2: Game::Game() (in /home/jamesshep/localGL/app)
==77585==    by 0x10E78B: __static_initialization_and_destruction_0(int, int) (in /home/jamesshep/localGL/app)
==77585==    by 0x10E9A0: _GLOBAL__sub_I_VAO (in /home/jamesshep/localGL/app)
==77585==    by 0x4EF1EBA: call_init (libc-start.c:145)
==77585==    by 0x4EF1EBA: __libc_start_main@@GLIBC_2.34 (libc-start.c:379)
==77585== 
{
   <insert_a_suppression_name_here>
   Memcheck:Leak
   match-leak-kinds: reachable
   fun:_Znwm
   fun:_ZN4NodeC1Efffj
   fun:_ZSt12construct_atI4NodeJRfS1_S1_mEEDTgsnwcvPvLi0E_T_pispcl7declvalIT0_EEEEPS3_DpOS4_
   fun:_ZNSt16allocator_traitsISaI4NodeEE9constructIS0_JRfS4_S4_mEEEvRS1_PT_DpOT0_
   fun:_ZNSt6vectorI4NodeSaIS0_EE17_M_realloc_insertIJRfS4_S4_mEEEvN9__gnu_cxx17__normal_iteratorIPS0_S2_EEDpOT_
   fun:_ZNSt6vectorI4NodeSaIS0_EE12emplace_backIJRfS4_S4_mEEERS0_DpOT_
   fun:_ZN15NodeQuadManager7addNodeEfff
   fun:_ZN5WorldC1Ev
   fun:_ZN4GameC1Ev
   fun:_Z41__static_initialization_and_destruction_0ii
   fun:_GLOBAL__sub_I_VAO
   fun:call_init
   fun:__libc_start_main@@GLIBC_2.34
}
==77585== 24 bytes in 1 blocks are still reachable in loss record 498 of 43,574
==77585==    at 0x4849013: operator new(unsigned long) (in /usr/libexec/valgrind/vgpreload_memcheck-amd64-linux.so)
==77585==    by 0x15ABC8: Node::Node(float, float, float, unsigned int) (in /home/jamesshep/localGL/app)
==77585==    by 0x13D393: decltype (::new ((void*)(0)) Node((declval<float&>)(), (declval<float&>)(), (declval<float&>)(), (declval<unsigned long>)())) std::construct_at<Node, float&, float&, float&, unsigned long>(Node*, float&, float&, float&, unsigned long&&) (in /home/jamesshep/localGL/app)
==77585==    by 0x13D43C: void std::allocator_traits<std::allocator<Node> >::construct<Node, float&, float&, float&, unsigned long>(std::allocator<Node>&, Node*, float&, float&, float&, unsigned long&&) (in /home/jamesshep/localGL/app)
==77585==    by 0x13D56A: void std::vector<Node, std::allocator<Node> >::_M_realloc_insert<float&, float&, float&, unsigned long>(__gnu_cxx::__normal_iterator<Node*, std::vector<Node, std::allocator<Node> > >, float&, float&, float&, unsigned long&&) (in /home/jamesshep/localGL/app)
==77585==    by 0x13C977: Node& std::vector<Node, std::allocator<Node> >::emplace_back<float&, float&, float&, unsigned long>(float&, float&, float&, unsigned long&&) (in /home/jamesshep/localGL/app)
==77585==    by 0x13C18E: NodeQuadManager::addNode(float, float, float) (in /home/jamesshep/localGL/app)
==77585==    by 0x13A912: World::World() (in /home/jamesshep/localGL/app)
==77585==    by 0x1392E2: Game::Game() (in /home/jamesshep/localGL/app)
==77585==    by 0x10E78B: __static_initialization_and_destruction_0(int, int) (in /home/jamesshep/localGL/app)
==77585==    by 0x10E9A0: _GLOBAL__sub_I_VAO (in /home/jamesshep/localGL/app)
==77585==    by 0x4EF1EBA: call_init (libc-start.c:145)
==77585==    by 0x4EF1EBA: __libc_start_main@@GLIBC_2.34 (libc-start.c:379)
==77585== 
{
   <insert_a_suppression_name_here>
   Memcheck:Leak
   match-leak-kinds: reachable
   fun:_Znwm
   fun:_ZN4NodeC1Efffj
   fun:_ZSt12construct_atI4NodeJRfS1_S1_mEEDTgsnwcvPvLi0E_T_pispcl7declvalIT0_EEEEPS3_DpOS4_
   fun:_ZNSt16allocator_traitsISaI4NodeEE9constructIS0_JRfS4_S4_mEEEvRS1_PT_DpOT0_
   fun:_ZNSt6vectorI4NodeSaIS0_EE17_M_realloc_insertIJRfS4_S4_mEEEvN9__gnu_cxx17__normal_iteratorIPS0_S2_EEDpOT_
   fun:_ZNSt6vectorI4NodeSaIS0_EE12emplace_backIJRfS4_S4_mEEERS0_DpOT_
   fun:_ZN15NodeQuadManager7addNodeEfff
   fun:_ZN5WorldC1Ev
   fun:_ZN4GameC1Ev
   fun:_Z41__static_initialization_and_destruction_0ii
   fun:_GLOBAL__sub_I_VAO
   fun:call_init
   fun:__libc_start_main@@GLIBC_2.34
}
==77585== 24 bytes in 1 blocks are still reachable in loss record 499 of 43,574
==77585==    at 0x4849013: operator new(unsigned long) (in /usr/libexec/valgrind/vgpreload_memcheck-amd64-linux.so)
==77585==    by 0x15ABC8: Node::Node(float, float, float, unsigned int) (in /home/jamesshep/localGL/app)
==77585==    by 0x13D393: decltype (::new ((void*)(0)) Node((declval<float&>)(), (declval<float&>)(), (declval<float&>)(), (declval<unsigned long>)())) std::construct_at<Node, float&, float&, float&, unsigned long>(Node*, float&, float&, float&, unsigned long&&) (in /home/jamesshep/localGL/app)
==77585==    by 0x13D43C: void std::allocator_traits<std::allocator<Node> >::construct<Node, float&, float&, float&, unsigned long>(std::allocator<Node>&, Node*, float&, float&, float&, unsigned long&&) (in /home/jamesshep/localGL/app)
==77585==    by 0x13D56A: void std::vector<Node, std::allocator<Node> >::_M_realloc_insert<float&, float&, float&, unsigned long>(__gnu_cxx::__normal_iterator<Node*, std::vector<Node, std::allocator<Node> > >, float&, float&, float&, unsigned long&&) (in /home/jamesshep/localGL/app)
==77585==    by 0x13C977: Node& std::vector<Node, std::allocator<Node> >::emplace_back<float&, float&, float&, unsigned long>(float&, float&, float&, unsigned long&&) (in /home/jamesshep/localGL/app)
==77585==    by 0x13C18E: NodeQuadManager::addNode(float, float, float) (in /home/jamesshep/localGL/app)
==77585==    by 0x13A930: World::World() (in /home/jamesshep/localGL/app)
==77585==    by 0x1392E2: Game::Game() (in /home/jamesshep/localGL/app)
==77585==    by 0x10E78B: __static_initialization_and_destruction_0(int, int) (in /home/jamesshep/localGL/app)
==77585==    by 0x10E9A0: _GLOBAL__sub_I_VAO (in /home/jamesshep/localGL/app)
==77585==    by 0x4EF1EBA: call_init (libc-start.c:145)
==77585==    by 0x4EF1EBA: __libc_start_main@@GLIBC_2.34 (libc-start.c:379)
==77585== 
{
   <insert_a_suppression_name_here>
   Memcheck:Leak
   match-leak-kinds: reachable
   fun:_Znwm
   fun:_ZN4NodeC1Efffj
   fun:_ZSt12construct_atI4NodeJRfS1_S1_mEEDTgsnwcvPvLi0E_T_pispcl7declvalIT0_EEEEPS3_DpOS4_
   fun:_ZNSt16allocator_traitsISaI4NodeEE9constructIS0_JRfS4_S4_mEEEvRS1_PT_DpOT0_
   fun:_ZNSt6vectorI4NodeSaIS0_EE17_M_realloc_insertIJRfS4_S4_mEEEvN9__gnu_cxx17__normal_iteratorIPS0_S2_EEDpOT_
   fun:_ZNSt6vectorI4NodeSaIS0_EE12emplace_backIJRfS4_S4_mEEERS0_DpOT_
   fun:_ZN15NodeQuadManager7addNodeEfff
   fun:_ZN5WorldC1Ev
   fun:_ZN4GameC1Ev
   fun:_Z41__static_initialization_and_destruction_0ii
   fun:_GLOBAL__sub_I_VAO
   fun:call_init
   fun:__libc_start_main@@GLIBC_2.34
}
==77585== 24 bytes in 1 blocks are still reachable in loss record 592 of 43,574
==77585==    at 0x4849013: operator new(unsigned long) (in /usr/libexec/valgrind/vgpreload_memcheck-amd64-linux.so)
==77585==    by 0x15ABC8: Node::Node(float, float, float, unsigned int) (in /home/jamesshep/localGL/app)
==77585==    by 0x13AD13: World::spawnNode(Node&) (in /home/jamesshep/localGL/app)
==77585==    by 0x13AB61: World::doSpawn() (in /home/jamesshep/localGL/app)
==77585==    by 0x1395DD: Game::update(float) (in /home/jamesshep/localGL/app)
==77585==    by 0x10E020: render(SDL_Window*) (in /home/jamesshep/localGL/app)
==77585==    by 0x10E5FA: main (in /home/jamesshep/localGL/app)
==77585== 
{
   <insert_a_suppression_name_here>
   Memcheck:Leak
   match-leak-kinds: reachable
   fun:_Znwm
   fun:_ZN4NodeC1Efffj
   fun:_ZN5World9spawnNodeER4Node
   fun:_ZN5World7doSpawnEv
   fun:_ZN4Game6updateEf
   fun:_Z6renderP10SDL_Window
   fun:main
}
==77585== 24 bytes in 1 blocks are still reachable in loss record 593 of 43,574
==77585==    at 0x4849013: operator new(unsigned long) (in /usr/libexec/valgrind/vgpreload_memcheck-amd64-linux.so)
==77585==    by 0x15AB14: Node::Node(Vec3, unsigned int) (in /home/jamesshep/localGL/app)
==77585==    by 0x13AD6B: World::spawnNode(Node&) (in /home/jamesshep/localGL/app)
==77585==    by 0x13AB61: World::doSpawn() (in /home/jamesshep/localGL/app)
==77585==    by 0x1395DD: Game::update(float) (in /home/jamesshep/localGL/app)
==77585==    by 0x10E020: render(SDL_Window*) (in /home/jamesshep/localGL/app)
==77585==    by 0x10E5FA: main (in /home/jamesshep/localGL/app)
==77585== 
{
   <insert_a_suppression_name_here>
   Memcheck:Leak
   match-leak-kinds: reachable
   fun:_Znwm
   fun:_ZN4NodeC1E4Vec3j
   fun:_ZN5World9spawnNodeER4Node
   fun:_ZN5World7doSpawnEv
   fun:_ZN4Game6updateEf
   fun:_Z6renderP10SDL_Window
   fun:main
}
==77585== 24 bytes in 1 blocks are still reachable in loss record 594 of 43,574
==77585==    at 0x4849013: operator new(unsigned long) (in /usr/libexec/valgrind/vgpreload_memcheck-amd64-linux.so)
==77585==    by 0x15AB14: Node::Node(Vec3, unsigned int) (in /home/jamesshep/localGL/app)
==77585==    by 0x13ADC3: World::spawnNode(Node&) (in /home/jamesshep/localGL/app)
==77585==    by 0x13AB61: World::doSpawn() (in /home/jamesshep/localGL/app)
==77585==    by 0x1395DD: Game::update(float) (in /home/jamesshep/localGL/app)
==77585==    by 0x10E020: render(SDL_Window*) (in /home/jamesshep/localGL/app)
==77585==    by 0x10E5FA: main (in /home/jamesshep/localGL/app)
==77585== 
{
   <insert_a_suppression_name_here>
   Memcheck:Leak
   match-leak-kinds: reachable
   fun:_Znwm
   fun:_ZN4NodeC1E4Vec3j
   fun:_ZN5World9spawnNodeER4Node
   fun:_ZN5World7doSpawnEv
   fun:_ZN4Game6updateEf
   fun:_Z6renderP10SDL_Window
   fun:main
}
==77585== 24 bytes in 1 blocks are still reachable in loss record 595 of 43,574
==77585==    at 0x4849013: operator new(unsigned long) (in /usr/libexec/valgrind/vgpreload_memcheck-amd64-linux.so)
==77585==    by 0x15ABC8: Node::Node(float, float, float, unsigned int) (in /home/jamesshep/localGL/app)
==77585==    by 0x13D393: decltype (::new ((void*)(0)) Node((declval<float&>)(), (declval<float&>)(), (declval<float&>)(), (declval<unsigned long>)())) std::construct_at<Node, float&, float&, float&, unsigned long>(Node*, float&, float&, float&, unsigned long&&) (in /home/jamesshep/localGL/app)
==77585==    by 0x13D43C: void std::allocator_traits<std::allocator<Node> >::construct<Node, float&, float&, float&, unsigned long>(std::allocator<Node>&, Node*, float&, float&, float&, unsigned long&&) (in /home/jamesshep/localGL/app)
==77585==    by 0x13C8FE: Node& std::vector<Node, std::allocator<Node> >::emplace_back<float&, float&, float&, unsigned long>(float&, float&, float&, unsigned long&&) (in /home/jamesshep/localGL/app)
==77585==    by 0x13C18E: NodeQuadManager::addNode(float, float, float) (in /home/jamesshep/localGL/app)
==77585==    by 0x13AFE1: World::spawnNode(Node&) (in /home/jamesshep/localGL/app)
==77585==    by 0x13AB61: World::doSpawn() (in /home/jamesshep/localGL/app)
==77585==    by 0x1395DD: Game::update(float) (in /home/jamesshep/localGL/app)
==77585==    by 0x10E020: render(SDL_Window*) (in /home/jamesshep/localGL/app)
==77585==    by 0x10E5FA: main (in /home/jamesshep/localGL/app)
==77585== 
{
   <insert_a_suppression_name_here>
   Memcheck:Leak
   match-leak-kinds: reachable
   fun:_Znwm
   fun:_ZN4NodeC1Efffj
   fun:_ZSt12construct_atI4NodeJRfS1_S1_mEEDTgsnwcvPvLi0E_T_pispcl7declvalIT0_EEEEPS3_DpOS4_
   fun:_ZNSt16allocator_traitsISaI4NodeEE9constructIS0_JRfS4_S4_mEEEvRS1_PT_DpOT0_
   fun:_ZNSt6vectorI4NodeSaIS0_EE12emplace_backIJRfS4_S4_mEEERS0_DpOT_
   fun:_ZN15NodeQuadManager7addNodeEfff
   fun:_ZN5World9spawnNodeER4Node
   fun:_ZN5World7doSpawnEv
   fun:_ZN4Game6updateEf
   fun:_Z6renderP10SDL_Window
   fun:main
}
==77585== 32 bytes in 1 blocks are still reachable in loss record 1,251 of 43,574
==77585==    at 0x4849013: operator new(unsigned long) (in /usr/libexec/valgrind/vgpreload_memcheck-amd64-linux.so)
==77585==    by 0x112521: __gnu_cxx::new_allocator<unsigned int>::allocate(unsigned long, void const*) (in /home/jamesshep/localGL/app)
==77585==    by 0x1118EB: std::allocator_traits<std::allocator<unsigned int> >::allocate(std::allocator<unsigned int>&, unsigned long) (in /home/jamesshep/localGL/app)
==77585==    by 0x110F39: std::_Vector_base<unsigned int, std::allocator<unsigned int> >::_M_allocate(unsigned long) (in /home/jamesshep/localGL/app)
==77585==    by 0x13E978: void std::vector<unsigned int, std::allocator<unsigned int> >::_M_realloc_insert<unsigned int const&>(__gnu_cxx::__normal_iterator<unsigned int*, std::vector<unsigned int, std::allocator<unsigned int> > >, unsigned int const&) (in /home/jamesshep/localGL/app)
==77585==    by 0x13D1ED: std::vector<unsigned int, std::allocator<unsigned int> >::push_back(unsigned int const&) (in /home/jamesshep/localGL/app)
==77585==    by 0x13B0A2: World::spawnNode(Node&) (in /home/jamesshep/localGL/app)
==77585==    by 0x13AB61: World::doSpawn() (in /home/jamesshep/localGL/app)
==77585==    by 0x1395DD: Game::update(float) (in /home/jamesshep/localGL/app)
==77585==    by 0x10E020: render(SDL_Window*) (in /home/jamesshep/localGL/app)
==77585==    by 0x10E5FA: main (in /home/jamesshep/localGL/app)
==77585== 
{
   <insert_a_suppression_name_here>
   Memcheck:Leak
   match-leak-kinds: reachable
   fun:_Znwm
   fun:_ZN9__gnu_cxx13new_allocatorIjE8allocateEmPKv
   fun:_ZNSt16allocator_traitsISaIjEE8allocateERS0_m
   fun:_ZNSt12_Vector_baseIjSaIjEE11_M_allocateEm
   fun:_ZNSt6vectorIjSaIjEE17_M_realloc_insertIJRKjEEEvN9__gnu_cxx17__normal_iteratorIPjS1_EEDpOT_
   fun:_ZNSt6vectorIjSaIjEE9push_backERKj
   fun:_ZN5World9spawnNodeER4Node
   fun:_ZN5World7doSpawnEv
   fun:_ZN4Game6updateEf
   fun:_Z6renderP10SDL_Window
   fun:main
}
==77585== 48 bytes in 1 blocks are still reachable in loss record 3,889 of 43,574
==77585==    at 0x4849013: operator new(unsigned long) (in /usr/libexec/valgrind/vgpreload_memcheck-amd64-linux.so)
==77585==    by 0x112138: __gnu_cxx::new_allocator<glm::vec<3, float, (glm::qualifier)0> >::allocate(unsigned long, void const*) (in /home/jamesshep/localGL/app)
==77585==    by 0x111397: std::allocator_traits<std::allocator<glm::vec<3, float, (glm::qualifier)0> > >::allocate(std::allocator<glm::vec<3, float, (glm::qualifier)0> >&, unsigned long) (in /home/jamesshep/localGL/app)
==77585==    by 0x1108CB: std::_Vector_base<glm::vec<3, float, (glm::qualifier)0>, std::allocator<glm::vec<3, float, (glm::qualifier)0> > >::_M_allocate(unsigned long) (in /home/jamesshep/localGL/app)
==77585==    by 0x13D884: void std::vector<glm::vec<3, float, (glm::qualifier)0>, std::allocator<glm::vec<3, float, (glm::qualifier)0> > >::_M_realloc_insert<float&, float&, float&>(__gnu_cxx::__normal_iterator<glm::vec<3, float, (glm::qualifier)0>*, std::vector<glm::vec<3, float, (glm::qualifier)0>, std::allocator<glm::vec<3, float, (glm::qualifier)0> > > >, float&, float&, float&) (in /home/jamesshep/localGL/app)
==77585==    by 0x13CA75: glm::vec<3, float, (glm::qualifier)0>& std::vector<glm::vec<3, float, (glm::qualifier)0>, std::allocator<glm::vec<3, float, (glm::qualifier)0> > >::emplace_back<float&, float&, float&>(float&, float&, float&) (in /home/jamesshep/localGL/app)
==77585==    by 0x13C1AA: NodeQuadManager::addNode(float, float, float) (in /home/jamesshep/localGL/app)
==77585==    by 0x13A930: World::World() (in /home/jamesshep/localGL/app)
==77585==    by 0x1392E2: Game::Game() (in /home/jamesshep/localGL/app)
==77585==    by 0x10E78B: __static_initialization_and_destruction_0(int, int) (in /home/jamesshep/localGL/app)
==77585==    by 0x10E9A0: _GLOBAL__sub_I_VAO (in /home/jamesshep/localGL/app)
==77585==    by 0x4EF1EBA: call_init (libc-start.c:145)
==77585==    by 0x4EF1EBA: __libc_start_main@@GLIBC_2.34 (libc-start.c:379)
==77585== 
{
   <insert_a_suppression_name_here>
   Memcheck:Leak
   match-leak-kinds: reachable
   fun:_Znwm
   fun:_ZN9__gnu_cxx13new_allocatorIN3glm3vecILi3EfLNS1_9qualifierE0EEEE8allocateEmPKv
   fun:_ZNSt16allocator_traitsISaIN3glm3vecILi3EfLNS0_9qualifierE0EEEEE8allocateERS4_m
   fun:_ZNSt12_Vector_baseIN3glm3vecILi3EfLNS0_9qualifierE0EEESaIS3_EE11_M_allocateEm
   fun:_ZNSt6vectorIN3glm3vecILi3EfLNS0_9qualifierE0EEESaIS3_EE17_M_realloc_insertIJRfS7_S7_EEEvN9__gnu_cxx17__normal_iteratorIPS3_S5_EEDpOT_
   fun:_ZNSt6vectorIN3glm3vecILi3EfLNS0_9qualifierE0EEESaIS3_EE12emplace_backIJRfS7_S7_EEERS3_DpOT_
   fun:_ZN15NodeQuadManager7addNodeEfff
   fun:_ZN5WorldC1Ev
   fun:_ZN4GameC1Ev
   fun:_Z41__static_initialization_and_destruction_0ii
   fun:_GLOBAL__sub_I_VAO
   fun:call_init
   fun:__libc_start_main@@GLIBC_2.34
}
==77585== 80 bytes in 1 blocks are still reachable in loss record 6,074 of 43,574
==77585==    at 0x4849013: operator new(unsigned long) (in /usr/libexec/valgrind/vgpreload_memcheck-amd64-linux.so)
==77585==    by 0x14F2AB: __gnu_cxx::new_allocator<OrthoTree::detail::MemoryResource<unsigned int>::IndexedSegment>::allocate(unsigned long, void const*) (in /home/jamesshep/localGL/app)
==77585==    by 0x14BEE6: std::allocator_traits<std::allocator<OrthoTree::detail::MemoryResource<unsigned int>::IndexedSegment> >::allocate(std::allocator<OrthoTree::detail::MemoryResource<unsigned int>::IndexedSegment>&, unsigned long) (in /home/jamesshep/localGL/app)
==77585==    by 0x149909: std::_Vector_base<OrthoTree::detail::MemoryResource<unsigned int>::IndexedSegment, std::allocator<OrthoTree::detail::MemoryResource<unsigned int>::IndexedSegment> >::_M_allocate(unsigned long) (in /home/jamesshep/localGL/app)
==77585==    by 0x146F39: std::vector<OrthoTree::detail::MemoryResource<unsigned int>::IndexedSegment, std::allocator<OrthoTree::detail::MemoryResource<unsigned int>::IndexedSegment> >::reserve(unsigned long) (in /home/jamesshep/localGL/app)
==77585==    by 0x144462: OrthoTree::detail::MemoryResource<unsigned int>::Init(unsigned long) (in /home/jamesshep/localGL/app)
==77585==    by 0x1412CB: OrthoTree::OrthoTreeBase<2u, Node, Node, std::array<Node, 2ul>, std::array<Node, 2ul>, NodePlane2D, float, OrthoTree::AdaptorGeneralBase<2u, Node, std::array<Node, 2ul>, std::array<Node, 2ul>, NodePlane2D, float, NodeAdaptorBasics>, std::span<Node const, 18446744073709551615ul> >::InitBase(OrthoTree::detail::InternalGeometryModule<2u, float, Node, std::array<Node, 2ul>, OrthoTree::AdaptorGeneralBase<2u, Node, std::array<Node, 2ul>, std::array<Node, 2ul>, NodePlane2D, float, NodeAdaptorBasics> >::Box const&, unsigned int, unsigned long, unsigned long) (in /home/jamesshep/localGL/app)
==77585==    by 0x13FC33: void OrthoTree::OrthoTreePoint<2u, Node, std::array<Node, 2ul>, std::array<Node, 2ul>, NodePlane2D, float, OrthoTree::AdaptorGeneralBase<2u, Node, std::array<Node, 2ul>, std::array<Node, 2ul>, NodePlane2D, float, NodeAdaptorBasics>, std::span<Node const, 18446744073709551615ul> >::Create<false>(OrthoTree::OrthoTreePoint<2u, Node, std::array<Node, 2ul>, std::array<Node, 2ul>, NodePlane2D, float, OrthoTree::AdaptorGeneralBase<2u, Node, std::array<Node, 2ul>, std::array<Node, 2ul>, NodePlane2D, float, NodeAdaptorBasics>, std::span<Node const, 18446744073709551615ul> >&, std::span<Node const, 18446744073709551615ul> const&, std::optional<unsigned int>, std::optional<std::array<Node, 2ul> >, unsigned long) (in /home/jamesshep/localGL/app)
==77585==    by 0x13E0AA: OrthoTree::OrthoTreePoint<2u, Node, std::array<Node, 2ul>, std::array<Node, 2ul>, NodePlane2D, float, OrthoTree::AdaptorGeneralBase<2u, Node, std::array<Node, 2ul>, std::array<Node, 2ul>, NodePlane2D, float, NodeAdaptorBasics>, std::span<Node const, 18446744073709551615ul> >::OrthoTreePoint(std::span<Node const, 18446744073709551615ul> const&, std::optional<unsigned int>, std::optional<std::array<Node, 2ul> >, unsigned long, bool) (in /home/jamesshep/localGL/app)
==77585==    by 0x13CC95: std::_MakeUniq<OrthoTree::OrthoTreePoint<2u, Node, std::array<Node, 2ul>, std::array<Node, 2ul>, NodePlane2D, float, OrthoTree::AdaptorGeneralBase<2u, Node, std::array<Node, 2ul>, std::array<Node, 2ul>, NodePlane2D, float, NodeAdaptorBasics>, std::span<Node const, 18446744073709551615ul> > >::__single_object std::make_unique<OrthoTree::OrthoTreePoint<2u, Node, std::array<Node, 2ul>, std::array<Node, 2ul>, NodePlane2D, float, OrthoTree::AdaptorGeneralBase<2u, Node, std::array<Node, 2ul>, std::array<Node, 2ul>, NodePlane2D, float, NodeAdaptorBasics>, std::span<Node const, 18446744073709551615ul> >, std::vector<Node, std::allocator<Node> >&, int&, std::nullopt_t const&, int&>(std::vector<Node, std::allocator<Node> >&, int&, std::nullopt_t const&, int&) (in /home/jamesshep/localGL/app)
==77585==    by 0x13C2B1: NodeQuadManager::buildQuadtree(int, int) (in /home/jamesshep/localGL/app)
==77585==    by 0x13AA96: World::World() (in /home/jamesshep/localGL/app)
==77585== 
{
   <insert_a_suppression_name_here>
   Memcheck:Leak
   match-leak-kinds: reachable
   fun:_Znwm
   fun:_ZN9__gnu_cxx13new_allocatorIN9OrthoTree6detail14MemoryResourceIjE14IndexedSegmentEE8allocateEmPKv
   fun:_ZNSt16allocator_traitsISaIN9OrthoTree6detail14MemoryResourceIjE14IndexedSegmentEEE8allocateERS5_m
   fun:_ZNSt12_Vector_baseIN9OrthoTree6detail14MemoryResourceIjE14IndexedSegmentESaIS4_EE11_M_allocateEm
   fun:_ZNSt6vectorIN9OrthoTree6detail14MemoryResourceIjE14IndexedSegmentESaIS4_EE7reserveEm
   fun:_ZN9OrthoTree6detail14MemoryResourceIjE4InitEm
   fun:_ZN9OrthoTree13OrthoTreeBaseILj2E4NodeS1_St5arrayIS1_Lm2EES3_11NodePlane2DfNS_18AdaptorGeneralBaseILj2ES1_S3_S3_S4_f17NodeAdaptorBasicsEESt4spanIKS1_Lm18446744073709551615EEE8InitBaseERKNS_6detail22InternalGeometryModuleILj2EfS1_S3_S7_E3BoxEjmm
   fun:_ZN9OrthoTree14OrthoTreePointILj2E4NodeSt5arrayIS1_Lm2EES3_11NodePlane2DfNS_18AdaptorGeneralBaseILj2ES1_S3_S3_S4_f17NodeAdaptorBasicsEESt4spanIKS1_Lm18446744073709551615EEE6CreateILb0EEEvRSB_RKSA_St8optionalIjESG_IS3_Em
   fun:_ZN9OrthoTree14OrthoTreePointILj2E4NodeSt5arrayIS1_Lm2EES3_11NodePlane2DfNS_18AdaptorGeneralBaseILj2ES1_S3_S3_S4_f17NodeAdaptorBasicsEESt4spanIKS1_Lm18446744073709551615EEEC1ERKSA_St8optionalIjESE_IS3_Emb
   fun:_ZSt11make_uniqueIN9OrthoTree14OrthoTreePointILj2E4NodeSt5arrayIS2_Lm2EES4_11NodePlane2DfNS0_18AdaptorGeneralBaseILj2ES2_S4_S4_S5_f17NodeAdaptorBasicsEESt4spanIKS2_Lm18446744073709551615EEEEJRSt6vectorIS2_SaIS2_EERiRKSt9nullopt_tSH_EENSt9_MakeUniqIT_E15__single_objectEDpOT0_
   fun:_ZN15NodeQuadManager13buildQuadtreeEii
   fun:_ZN5WorldC1Ev
}
==77585== 104 bytes in 1 blocks are still reachable in loss record 19,894 of 43,574
==77585==    at 0x4849013: operator new(unsigned long) (in /usr/libexec/valgrind/vgpreload_memcheck-amd64-linux.so)
==77585==    by 0x14F22D: __gnu_cxx::new_allocator<std::array<float, 2ul> >::allocate(unsigned long, void const*) (in /home/jamesshep/localGL/app)
==77585==    by 0x14BD18: std::allocator_traits<std::allocator<std::array<float, 2ul> > >::allocate(std::allocator<std::array<float, 2ul> >&, unsigned long) (in /home/jamesshep/localGL/app)
==77585==    by 0x149407: std::_Vector_base<std::array<float, 2ul>, std::allocator<std::array<float, 2ul> > >::_M_allocate(unsigned long) (in /home/jamesshep/localGL/app)
==77585==    by 0x1469CD: std::vector<std::array<float, 2ul>, std::allocator<std::array<float, 2ul> > >::_M_fill_insert(__gnu_cxx::__normal_iterator<std::array<float, 2ul>*, std::vector<std::array<float, 2ul>, std::allocator<std::array<float, 2ul> > > >, unsigned long, std::array<float, 2ul> const&) (in /home/jamesshep/localGL/app)
==77585==    by 0x144393: std::vector<std::array<float, 2ul>, std::allocator<std::array<float, 2ul> > >::resize(unsigned long, std::array<float, 2ul> const&) (in /home/jamesshep/localGL/app)
==77585==    by 0x14121C: OrthoTree::OrthoTreeBase<2u, Node, Node, std::array<Node, 2ul>, std::array<Node, 2ul>, NodePlane2D, float, OrthoTree::AdaptorGeneralBase<2u, Node, std::array<Node, 2ul>, std::array<Node, 2ul>, NodePlane2D, float, NodeAdaptorBasics>, std::span<Node const, 18446744073709551615ul> >::InitBase(OrthoTree::detail::InternalGeometryModule<2u, float, Node, std::array<Node, 2ul>, OrthoTree::AdaptorGeneralBase<2u, Node, std::array<Node, 2ul>, std::array<Node, 2ul>, NodePlane2D, float, NodeAdaptorBasics> >::Box const&, unsigned int, unsigned long, unsigned long) (in /home/jamesshep/localGL/app)
==77585==    by 0x13FC33: void OrthoTree::OrthoTreePoint<2u, Node, std::array<Node, 2ul>, std::array<Node, 2ul>, NodePlane2D, float, OrthoTree::AdaptorGeneralBase<2u, Node, std::array<Node, 2ul>, std::array<Node, 2ul>, NodePlane2D, float, NodeAdaptorBasics>, std::span<Node const, 18446744073709551615ul> >::Create<false>(OrthoTree::OrthoTreePoint<2u, Node, std::array<Node, 2ul>, std::array<Node, 2ul>, NodePlane2D, float, OrthoTree::AdaptorGeneralBase<2u, Node, std::array<Node, 2ul>, std::array<Node, 2ul>, NodePlane2D, float, NodeAdaptorBasics>, std::span<Node const, 18446744073709551615ul> >&, std::span<Node const, 18446744073709551615ul> const&, std::optional<unsigned int>, std::optional<std::array<Node, 2ul> >, unsigned long) (in /home/jamesshep/localGL/app)
==77585==    by 0x13E0AA: OrthoTree::OrthoTreePoint<2u, Node, std::array<Node, 2ul>, std::array<Node, 2ul>, NodePlane2D, float, OrthoTree::AdaptorGeneralBase<2u, Node, std::array<Node, 2ul>, std::array<Node, 2ul>, NodePlane2D, float, NodeAdaptorBasics>, std::span<Node const, 18446744073709551615ul> >::OrthoTreePoint(std::span<Node const, 18446744073709551615ul> const&, std::optional<unsigned int>, std::optional<std::array<Node, 2ul> >, unsigned long, bool) (in /home/jamesshep/localGL/app)
==77585==    by 0x13CC95: std::_MakeUniq<OrthoTree::OrthoTreePoint<2u, Node, std::array<Node, 2ul>, std::array<Node, 2ul>, NodePlane2D, float, OrthoTree::AdaptorGeneralBase<2u, Node, std::array<Node, 2ul>, std::array<Node, 2ul>, NodePlane2D, float, NodeAdaptorBasics>, std::span<Node const, 18446744073709551615ul> > >::__single_object std::make_unique<OrthoTree::OrthoTreePoint<2u, Node, std::array<Node, 2ul>, std::array<Node, 2ul>, NodePlane2D, float, OrthoTree::AdaptorGeneralBase<2u, Node, std::array<Node, 2ul>, std::array<Node, 2ul>, NodePlane2D, float, NodeAdaptorBasics>, std::span<Node const, 18446744073709551615ul> >, std::vector<Node, std::allocator<Node> >&, int&, std::nullopt_t const&, int&>(std::vector<Node, std::allocator<Node> >&, int&, std::nullopt_t const&, int&) (in /home/jamesshep/localGL/app)
==77585==    by 0x13C2B1: NodeQuadManager::buildQuadtree(int, int) (in /home/jamesshep/localGL/app)
==77585==    by 0x13AA96: World::World() (in /home/jamesshep/localGL/app)
==77585== 
{
   <insert_a_suppression_name_here>
   Memcheck:Leak
   match-leak-kinds: reachable
   fun:_Znwm
   fun:_ZN9__gnu_cxx13new_allocatorISt5arrayIfLm2EEE8allocateEmPKv
   fun:_ZNSt16allocator_traitsISaISt5arrayIfLm2EEEE8allocateERS2_m
   fun:_ZNSt12_Vector_baseISt5arrayIfLm2EESaIS1_EE11_M_allocateEm
   fun:_ZNSt6vectorISt5arrayIfLm2EESaIS1_EE14_M_fill_insertEN9__gnu_cxx17__normal_iteratorIPS1_S3_EEmRKS1_
   fun:_ZNSt6vectorISt5arrayIfLm2EESaIS1_EE6resizeEmRKS1_
   fun:_ZN9OrthoTree13OrthoTreeBaseILj2E4NodeS1_St5arrayIS1_Lm2EES3_11NodePlane2DfNS_18AdaptorGeneralBaseILj2ES1_S3_S3_S4_f17NodeAdaptorBasicsEESt4spanIKS1_Lm18446744073709551615EEE8InitBaseERKNS_6detail22InternalGeometryModuleILj2EfS1_S3_S7_E3BoxEjmm
   fun:_ZN9OrthoTree14OrthoTreePointILj2E4NodeSt5arrayIS1_Lm2EES3_11NodePlane2DfNS_18AdaptorGeneralBaseILj2ES1_S3_S3_S4_f17NodeAdaptorBasicsEESt4spanIKS1_Lm18446744073709551615EEE6CreateILb0EEEvRSB_RKSA_St8optionalIjESG_IS3_Em
   fun:_ZN9OrthoTree14OrthoTreePointILj2E4NodeSt5arrayIS1_Lm2EES3_11NodePlane2DfNS_18AdaptorGeneralBaseILj2ES1_S3_S3_S4_f17NodeAdaptorBasicsEESt4spanIKS1_Lm18446744073709551615EEEC1ERKSA_St8optionalIjESE_IS3_Emb
   fun:_ZSt11make_uniqueIN9OrthoTree14OrthoTreePointILj2E4NodeSt5arrayIS2_Lm2EES4_11NodePlane2DfNS0_18AdaptorGeneralBaseILj2ES2_S4_S4_S5_f17NodeAdaptorBasicsEESt4spanIKS2_Lm18446744073709551615EEEEJRSt6vectorIS2_SaIS2_EERiRKSt9nullopt_tSH_EENSt9_MakeUniqIT_E15__single_objectEDpOT0_
   fun:_ZN15NodeQuadManager13buildQuadtreeEii
   fun:_ZN5WorldC1Ev
}
==77585== 216 bytes in 1 blocks are still reachable in loss record 39,930 of 43,574
==77585==    at 0x4849013: operator new(unsigned long) (in /usr/libexec/valgrind/vgpreload_memcheck-amd64-linux.so)
==77585==    by 0x13CC2E: std::_MakeUniq<OrthoTree::OrthoTreePoint<2u, Node, std::array<Node, 2ul>, std::array<Node, 2ul>, NodePlane2D, float, OrthoTree::AdaptorGeneralBase<2u, Node, std::array<Node, 2ul>, std::array<Node, 2ul>, NodePlane2D, float, NodeAdaptorBasics>, std::span<Node const, 18446744073709551615ul> > >::__single_object std::make_unique<OrthoTree::OrthoTreePoint<2u, Node, std::array<Node, 2ul>, std::array<Node, 2ul>, NodePlane2D, float, OrthoTree::AdaptorGeneralBase<2u, Node, std::array<Node, 2ul>, std::array<Node, 2ul>, NodePlane2D, float, NodeAdaptorBasics>, std::span<Node const, 18446744073709551615ul> >, std::vector<Node, std::allocator<Node> >&, int&, std::nullopt_t const&, int&>(std::vector<Node, std::allocator<Node> >&, int&, std::nullopt_t const&, int&) (in /home/jamesshep/localGL/app)
==77585==    by 0x13C2B1: NodeQuadManager::buildQuadtree(int, int) (in /home/jamesshep/localGL/app)
==77585==    by 0x13AA96: World::World() (in /home/jamesshep/localGL/app)
==77585==    by 0x1392E2: Game::Game() (in /home/jamesshep/localGL/app)
==77585==    by 0x10E78B: __static_initialization_and_destruction_0(int, int) (in /home/jamesshep/localGL/app)
==77585==    by 0x10E9A0: _GLOBAL__sub_I_VAO (in /home/jamesshep/localGL/app)
==77585==    by 0x4EF1EBA: call_init (libc-start.c:145)
==77585==    by 0x4EF1EBA: __libc_start_main@@GLIBC_2.34 (libc-start.c:379)
==77585==    by 0x10DDA4: (below main) (in /home/jamesshep/localGL/app)
==77585== 
{
   <insert_a_suppression_name_here>
   Memcheck:Leak
   match-leak-kinds: reachable
   fun:_Znwm
   fun:_ZSt11make_uniqueIN9OrthoTree14OrthoTreePointILj2E4NodeSt5arrayIS2_Lm2EES4_11NodePlane2DfNS0_18AdaptorGeneralBaseILj2ES2_S4_S4_S5_f17NodeAdaptorBasicsEESt4spanIKS2_Lm18446744073709551615EEEEJRSt6vectorIS2_SaIS2_EERiRKSt9nullopt_tSH_EENSt9_MakeUniqIT_E15__single_objectEDpOT0_
   fun:_ZN15NodeQuadManager13buildQuadtreeEii
   fun:_ZN5WorldC1Ev
   fun:_ZN4GameC1Ev
   fun:_Z41__static_initialization_and_destruction_0ii
   fun:_GLOBAL__sub_I_VAO
   fun:call_init
   fun:__libc_start_main@@GLIBC_2.34
   fun:(below main)
}
==77585== 240 bytes in 1 blocks are still reachable in loss record 41,119 of 43,574
==77585==    at 0x4849013: operator new(unsigned long) (in /usr/libexec/valgrind/vgpreload_memcheck-amd64-linux.so)
==77585==    by 0x14DA9A: __gnu_cxx::new_allocator<std::vector<unsigned int, std::allocator<unsigned int> > >::allocate(unsigned long, void const*) (in /home/jamesshep/localGL/app)
==77585==    by 0x149DDD: std::allocator_traits<std::allocator<std::vector<unsigned int, std::allocator<unsigned int> > > >::allocate(std::allocator<std::vector<unsigned int, std::allocator<unsigned int> > >&, unsigned long) (in /home/jamesshep/localGL/app)
==77585==    by 0x147585: std::_Vector_base<std::vector<unsigned int, std::allocator<unsigned int> >, std::allocator<std::vector<unsigned int, std::allocator<unsigned int> > > >::_M_allocate(unsigned long) (in /home/jamesshep/localGL/app)
==77585==    by 0x146D4F: std::vector<std::vector<unsigned int, std::allocator<unsigned int> >, std::allocator<std::vector<unsigned int, std::allocator<unsigned int> > > >::reserve(unsigned long) (in /home/jamesshep/localGL/app)
==77585==    by 0x14442E: OrthoTree::detail::MemoryResource<unsigned int>::Init(unsigned long) (in /home/jamesshep/localGL/app)
==77585==    by 0x1412CB: OrthoTree::OrthoTreeBase<2u, Node, Node, std::array<Node, 2ul>, std::array<Node, 2ul>, NodePlane2D, float, OrthoTree::AdaptorGeneralBase<2u, Node, std::array<Node, 2ul>, std::array<Node, 2ul>, NodePlane2D, float, NodeAdaptorBasics>, std::span<Node const, 18446744073709551615ul> >::InitBase(OrthoTree::detail::InternalGeometryModule<2u, float, Node, std::array<Node, 2ul>, OrthoTree::AdaptorGeneralBase<2u, Node, std::array<Node, 2ul>, std::array<Node, 2ul>, NodePlane2D, float, NodeAdaptorBasics> >::Box const&, unsigned int, unsigned long, unsigned long) (in /home/jamesshep/localGL/app)
==77585==    by 0x13FC33: void OrthoTree::OrthoTreePoint<2u, Node, std::array<Node, 2ul>, std::array<Node, 2ul>, NodePlane2D, float, OrthoTree::AdaptorGeneralBase<2u, Node, std::array<Node, 2ul>, std::array<Node, 2ul>, NodePlane2D, float, NodeAdaptorBasics>, std::span<Node const, 18446744073709551615ul> >::Create<false>(OrthoTree::OrthoTreePoint<2u, Node, std::array<Node, 2ul>, std::array<Node, 2ul>, NodePlane2D, float, OrthoTree::AdaptorGeneralBase<2u, Node, std::array<Node, 2ul>, std::array<Node, 2ul>, NodePlane2D, float, NodeAdaptorBasics>, std::span<Node const, 18446744073709551615ul> >&, std::span<Node const, 18446744073709551615ul> const&, std::optional<unsigned int>, std::optional<std::array<Node, 2ul> >, unsigned long) (in /home/jamesshep/localGL/app)
==77585==    by 0x13E0AA: OrthoTree::OrthoTreePoint<2u, Node, std::array<Node, 2ul>, std::array<Node, 2ul>, NodePlane2D, float, OrthoTree::AdaptorGeneralBase<2u, Node, std::array<Node, 2ul>, std::array<Node, 2ul>, NodePlane2D, float, NodeAdaptorBasics>, std::span<Node const, 18446744073709551615ul> >::OrthoTreePoint(std::span<Node const, 18446744073709551615ul> const&, std::optional<unsigned int>, std::optional<std::array<Node, 2ul> >, unsigned long, bool) (in /home/jamesshep/localGL/app)
==77585==    by 0x13CC95: std::_MakeUniq<OrthoTree::OrthoTreePoint<2u, Node, std::array<Node, 2ul>, std::array<Node, 2ul>, NodePlane2D, float, OrthoTree::AdaptorGeneralBase<2u, Node, std::array<Node, 2ul>, std::array<Node, 2ul>, NodePlane2D, float, NodeAdaptorBasics>, std::span<Node const, 18446744073709551615ul> > >::__single_object std::make_unique<OrthoTree::OrthoTreePoint<2u, Node, std::array<Node, 2ul>, std::array<Node, 2ul>, NodePlane2D, float, OrthoTree::AdaptorGeneralBase<2u, Node, std::array<Node, 2ul>, std::array<Node, 2ul>, NodePlane2D, float, NodeAdaptorBasics>, std::span<Node const, 18446744073709551615ul> >, std::vector<Node, std::allocator<Node> >&, int&, std::nullopt_t const&, int&>(std::vector<Node, std::allocator<Node> >&, int&, std::nullopt_t const&, int&) (in /home/jamesshep/localGL/app)
==77585==    by 0x13C2B1: NodeQuadManager::buildQuadtree(int, int) (in /home/jamesshep/localGL/app)
==77585==    by 0x13AA96: World::World() (in /home/jamesshep/localGL/app)
==77585== 
{
   <insert_a_suppression_name_here>
   Memcheck:Leak
   match-leak-kinds: reachable
   fun:_Znwm
   fun:_ZN9__gnu_cxx13new_allocatorISt6vectorIjSaIjEEE8allocateEmPKv
   fun:_ZNSt16allocator_traitsISaISt6vectorIjSaIjEEEE8allocateERS3_m
   fun:_ZNSt12_Vector_baseISt6vectorIjSaIjEESaIS2_EE11_M_allocateEm
   fun:_ZNSt6vectorIS_IjSaIjEESaIS1_EE7reserveEm
   fun:_ZN9OrthoTree6detail14MemoryResourceIjE4InitEm
   fun:_ZN9OrthoTree13OrthoTreeBaseILj2E4NodeS1_St5arrayIS1_Lm2EES3_11NodePlane2DfNS_18AdaptorGeneralBaseILj2ES1_S3_S3_S4_f17NodeAdaptorBasicsEESt4spanIKS1_Lm18446744073709551615EEE8InitBaseERKNS_6detail22InternalGeometryModuleILj2EfS1_S3_S7_E3BoxEjmm
   fun:_ZN9OrthoTree14OrthoTreePointILj2E4NodeSt5arrayIS1_Lm2EES3_11NodePlane2DfNS_18AdaptorGeneralBaseILj2ES1_S3_S3_S4_f17NodeAdaptorBasicsEESt4spanIKS1_Lm18446744073709551615EEE6CreateILb0EEEvRSB_RKSA_St8optionalIjESG_IS3_Em
   fun:_ZN9OrthoTree14OrthoTreePointILj2E4NodeSt5arrayIS1_Lm2EES3_11NodePlane2DfNS_18AdaptorGeneralBaseILj2ES1_S3_S3_S4_f17NodeAdaptorBasicsEESt4spanIKS1_Lm18446744073709551615EEEC1ERKSA_St8optionalIjESE_IS3_Emb
   fun:_ZSt11make_uniqueIN9OrthoTree14OrthoTreePointILj2E4NodeSt5arrayIS2_Lm2EES4_11NodePlane2DfNS0_18AdaptorGeneralBaseILj2ES2_S4_S4_S5_f17NodeAdaptorBasicsEESt4spanIKS2_Lm18446744073709551615EEEEJRSt6vectorIS2_SaIS2_EERiRKSt9nullopt_tSH_EENSt9_MakeUniqIT_E15__single_objectEDpOT0_
   fun:_ZN15NodeQuadManager13buildQuadtreeEii
   fun:_ZN5WorldC1Ev
}
==77585== 256 bytes in 1 blocks are still reachable in loss record 41,141 of 43,574
==77585==    at 0x4849013: operator new(unsigned long) (in /usr/libexec/valgrind/vgpreload_memcheck-amd64-linux.so)
==77585==    by 0x14639D: __gnu_cxx::new_allocator<Node>::allocate(unsigned long, void const*) (in /home/jamesshep/localGL/app)
==77585==    by 0x140BAA: std::allocator_traits<std::allocator<Node> >::allocate(std::allocator<Node>&, unsigned long) (in /home/jamesshep/localGL/app)
==77585==    by 0x13EC4D: std::_Vector_base<Node, std::allocator<Node> >::_M_allocate(unsigned long) (in /home/jamesshep/localGL/app)
==77585==    by 0x13D4F4: void std::vector<Node, std::allocator<Node> >::_M_realloc_insert<float&, float&, float&, unsigned long>(__gnu_cxx::__normal_iterator<Node*, std::vector<Node, std::allocator<Node> > >, float&, float&, float&, unsigned long&&) (in /home/jamesshep/localGL/app)
==77585==    by 0x13C977: Node& std::vector<Node, std::allocator<Node> >::emplace_back<float&, float&, float&, unsigned long>(float&, float&, float&, unsigned long&&) (in /home/jamesshep/localGL/app)
==77585==    by 0x13C18E: NodeQuadManager::addNode(float, float, float) (in /home/jamesshep/localGL/app)
==77585==    by 0x13A930: World::World() (in /home/jamesshep/localGL/app)
==77585==    by 0x1392E2: Game::Game() (in /home/jamesshep/localGL/app)
==77585==    by 0x10E78B: __static_initialization_and_destruction_0(int, int) (in /home/jamesshep/localGL/app)
==77585==    by 0x10E9A0: _GLOBAL__sub_I_VAO (in /home/jamesshep/localGL/app)
==77585==    by 0x4EF1EBA: call_init (libc-start.c:145)
==77585==    by 0x4EF1EBA: __libc_start_main@@GLIBC_2.34 (libc-start.c:379)
==77585== 
{
   <insert_a_suppression_name_here>
   Memcheck:Leak
   match-leak-kinds: reachable
   fun:_Znwm
   fun:_ZN9__gnu_cxx13new_allocatorI4NodeE8allocateEmPKv
   fun:_ZNSt16allocator_traitsISaI4NodeEE8allocateERS1_m
   fun:_ZNSt12_Vector_baseI4NodeSaIS0_EE11_M_allocateEm
   fun:_ZNSt6vectorI4NodeSaIS0_EE17_M_realloc_insertIJRfS4_S4_mEEEvN9__gnu_cxx17__normal_iteratorIPS0_S2_EEDpOT_
   fun:_ZNSt6vectorI4NodeSaIS0_EE12emplace_backIJRfS4_S4_mEEERS0_DpOT_
   fun:_ZN15NodeQuadManager7addNodeEfff
   fun:_ZN5WorldC1Ev
   fun:_ZN4GameC1Ev
   fun:_Z41__static_initialization_and_destruction_0ii
   fun:_GLOBAL__sub_I_VAO
   fun:call_init
   fun:__libc_start_main@@GLIBC_2.34
}
==77585== 1,024 bytes in 1 blocks are still reachable in loss record 42,255 of 43,574
==77585==    at 0x4848899: malloc (in /usr/libexec/valgrind/vgpreload_memcheck-amd64-linux.so)
==77585==    by 0x4F46BA3: _IO_file_doallocate (filedoalloc.c:101)
==77585==    by 0x4F55CDF: _IO_doallocbuf (genops.c:347)
==77585==    by 0x4F54F5F: _IO_file_overflow@@GLIBC_2.2.5 (fileops.c:744)
==77585==    by 0x4F536D4: _IO_new_file_xsputn (fileops.c:1243)
==77585==    by 0x4F536D4: _IO_file_xsputn@@GLIBC_2.2.5 (fileops.c:1196)
==77585==    by 0x4F47FD6: fwrite (iofwrite.c:39)
==77585==    by 0x4CCFB64: std::basic_ostream<char, std::char_traits<char> >& std::__ostream_insert<char, std::char_traits<char> >(std::basic_ostream<char, std::char_traits<char> >&, char const*, long) (in /usr/lib/x86_64-linux-gnu/libstdc++.so.6.0.30)
==77585==    by 0x4CCFEBA: std::basic_ostream<char, std::char_traits<char> >& std::operator<< <std::char_traits<char> >(std::basic_ostream<char, std::char_traits<char> >&, char const*) (in /usr/lib/x86_64-linux-gnu/libstdc++.so.6.0.30)
==77585==    by 0x13C2E9: NodeQuadManager::buildQuadtree(int, int) (in /home/jamesshep/localGL/app)
==77585==    by 0x13AA96: World::World() (in /home/jamesshep/localGL/app)
==77585==    by 0x1392E2: Game::Game() (in /home/jamesshep/localGL/app)
==77585==    by 0x10E78B: __static_initialization_and_destruction_0(int, int) (in /home/jamesshep/localGL/app)
==77585== 
{
   <insert_a_suppression_name_here>
   Memcheck:Leak
   match-leak-kinds: reachable
   fun:malloc
   fun:_IO_file_doallocate
   fun:_IO_doallocbuf
   fun:_IO_file_overflow@@GLIBC_2.2.5
   fun:_IO_new_file_xsputn
   fun:_IO_file_xsputn@@GLIBC_2.2.5
   fun:fwrite
   fun:_ZSt16__ostream_insertIcSt11char_traitsIcEERSt13basic_ostreamIT_T0_ES6_PKS3_l
   fun:_ZStlsISt11char_traitsIcEERSt13basic_ostreamIcT_ES5_PKc
   fun:_ZN15NodeQuadManager13buildQuadtreeEii
   fun:_ZN5WorldC1Ev
   fun:_ZN4GameC1Ev
   fun:_Z41__static_initialization_and_destruction_0ii
}
==77585== LEAK SUMMARY:
==77585==    definitely lost: 0 bytes in 0 blocks
==77585==    indirectly lost: 0 bytes in 0 blocks
==77585==      possibly lost: 0 bytes in 0 blocks
==77585==    still reachable: 2,208 bytes in 20 blocks
==77585==                       of which reachable via heuristic:
==77585==                         newarray           : 4,104 bytes in 8 blocks
==77585==         suppressed: 40,030,139 bytes in 59,296 blocks
==77585== 
==77585== For lists of detected and suppressed errors, rerun with: -s
==77585== ERROR SUMMARY: 1 errors from 1 contexts (suppressed: 18630141 from 38284)
